app/build/intermediates/manifest_merge_blame_file/debug/processDebugMainManifest/manifest-merger-blame-debug-report.txt
1<?xml version="1.0" encoding="utf-8"?>
2<manifest xmlns:android="http://schemas.android.com/apk/res/android"
3    package="com.rhythm.musicanmanagement"
4    android:versionCode="1"
5    android:versionName="1.0" >
6
7    <uses-sdk
8        android:minSdkVersion="24"
9        android:targetSdkVersion="34" />
10
11    <uses-permission android:name="android.permission.INTERNET" />
11-->src\main\AndroidManifest.xml:5:5-67
11-->src\main\AndroidManifest.xml:5:22-64
12    <uses-permission android:name="android.permission.ACCESS_NETWORK_STATE" />
12-->src\main\AndroidManifest.xml:6:5-78
12-->src\main\AndroidManifest.xml:6:22-76
13    <uses-permission android:name="android.permission.RECEIVE_BOOT_COMPLETED" />
13-->src\main\AndroidManifest.xml:7:5-80
13-->src\main\AndroidManifest.xml:7:22-78
14    <uses-permission android:name="android.permission.POST_NOTIFICATIONS" />
14-->[com.google.firebase:firebase-messaging:24.0.2] AndroidManifest.xml:23:5-77
14-->[com.google.firebase:firebase-messaging:24.0.2] AndroidManifest.xml:23:22-74
15    <uses-permission android:name="android.permission.WAKE_LOCK" /> <!-- Required by older versions of Google Play services to create IID tokens -->
15-->[com.google.firebase:firebase-messaging:24.0.2] AndroidManifest.xml:24:5-68
15-->[com.google.firebase:firebase-messaging:24.0.2] AndroidManifest.xml:24:22-65
16    <uses-permission android:name="com.google.android.c2dm.permission.RECEIVE" />
16-->[com.google.firebase:firebase-messaging:24.0.2] AndroidManifest.xml:26:5-82
16-->[com.google.firebase:firebase-messaging:24.0.2] AndroidManifest.xml:26:22-79
17    <uses-permission android:name="com.google.android.providers.gsf.permission.READ_GSERVICES" />
17-->[com.google.android.recaptcha:recaptcha:18.4.0] AndroidManifest.xml:9:5-98
17-->[com.google.android.recaptcha:recaptcha:18.4.0] AndroidManifest.xml:9:22-95
18    <uses-permission android:name="com.google.android.gms.permission.AD_ID" /> <!-- Android package visibility setting -->
18-->[com.google.android.gms:play-services-ads-lite:22.2.0] AndroidManifest.xml:26:5-79
18-->[com.google.android.gms:play-services-ads-lite:22.2.0] AndroidManifest.xml:26:22-76
19    <queries>
19-->[com.google.android.gms:play-services-ads-lite:22.2.0] AndroidManifest.xml:32:5-48:15
20
21        <!-- For browser content -->
22        <intent>
22-->[com.google.android.gms:play-services-ads-lite:22.2.0] AndroidManifest.xml:35:9-41:18
23            <action android:name="android.intent.action.VIEW" />
23-->[com.google.firebase:firebase-auth:23.0.0] AndroidManifest.xml:36:17-69
23-->[com.google.firebase:firebase-auth:23.0.0] AndroidManifest.xml:36:25-66
24
25            <category android:name="android.intent.category.BROWSABLE" />
25-->[com.google.firebase:firebase-auth:23.0.0] AndroidManifest.xml:39:17-78
25-->[com.google.firebase:firebase-auth:23.0.0] AndroidManifest.xml:39:27-75
26
27            <data android:scheme="https" />
27-->[com.google.firebase:firebase-auth:23.0.0] AndroidManifest.xml:41:17-44:51
27-->[com.google.firebase:firebase-auth:23.0.0] AndroidManifest.xml:44:21-48
28        </intent>
29        <!-- End of browser content -->
30        <!-- For CustomTabsService -->
31        <intent>
31-->[com.google.android.gms:play-services-ads-lite:22.2.0] AndroidManifest.xml:44:9-46:18
32            <action android:name="android.support.customtabs.action.CustomTabsService" />
32-->[com.google.android.gms:play-services-ads-lite:22.2.0] AndroidManifest.xml:45:13-90
32-->[com.google.android.gms:play-services-ads-lite:22.2.0] AndroidManifest.xml:45:21-87
33        </intent>
34        <!-- End of CustomTabsService -->
35    </queries>
36
37    <uses-permission android:name="android.permission.FOREGROUND_SERVICE" />
37-->[androidx.work:work-runtime:2.7.0] AndroidManifest.xml:28:5-77
37-->[androidx.work:work-runtime:2.7.0] AndroidManifest.xml:28:22-74
38
39    <permission
39-->[androidx.core:core:1.13.0] AndroidManifest.xml:22:5-24:47
40        android:name="com.rhythm.musicanmanagement.DYNAMIC_RECEIVER_NOT_EXPORTED_PERMISSION"
40-->[androidx.core:core:1.13.0] AndroidManifest.xml:23:9-81
41        android:protectionLevel="signature" />
41-->[androidx.core:core:1.13.0] AndroidManifest.xml:24:9-44
42
43    <uses-permission android:name="com.rhythm.musicanmanagement.DYNAMIC_RECEIVER_NOT_EXPORTED_PERMISSION" />
43-->[androidx.core:core:1.13.0] AndroidManifest.xml:26:5-97
43-->[androidx.core:core:1.13.0] AndroidManifest.xml:26:22-94
44
45    <application
45-->src\main\AndroidManifest.xml:9:5-52:19
46        android:allowBackup="true"
46-->src\main\AndroidManifest.xml:10:9-35
47        android:appComponentFactory="androidx.core.app.CoreComponentFactory"
47-->[androidx.core:core:1.13.0] AndroidManifest.xml:28:18-86
48        android:dataExtractionRules="@xml/data_extraction_rules"
48-->src\main\AndroidManifest.xml:11:9-65
49        android:debuggable="true"
50        android:extractNativeLibs="false"
51        android:fullBackupContent="@xml/backup_rules"
51-->src\main\AndroidManifest.xml:12:9-54
52        android:icon="@mipmap/ic_launcher"
52-->src\main\AndroidManifest.xml:13:9-43
53        android:label="@string/app_name"
53-->src\main\AndroidManifest.xml:14:9-41
54        android:roundIcon="@mipmap/ic_launcher_round"
54-->src\main\AndroidManifest.xml:15:9-54
55        android:supportsRtl="true"
55-->src\main\AndroidManifest.xml:16:9-35
56        android:testOnly="true"
57        android:theme="@style/Theme.MusicanManagement" >
57-->src\main\AndroidManifest.xml:17:9-55
58        <activity
58-->src\main\AndroidManifest.xml:19:9-21:40
59            android:name="com.rhythm.musicanmanagement.activity_register"
59-->src\main\AndroidManifest.xml:20:13-46
60            android:exported="false" />
60-->src\main\AndroidManifest.xml:21:13-37
61        <activity
61-->src\main\AndroidManifest.xml:22:9-24:40
62            android:name="com.rhythm.musicanmanagement.home"
62-->src\main\AndroidManifest.xml:23:13-33
63            android:exported="false" />
63-->src\main\AndroidManifest.xml:24:13-37
64        <activity
64-->src\main\AndroidManifest.xml:25:9-28:50
65            android:name="com.rhythm.musicanmanagement.update_event"
65-->src\main\AndroidManifest.xml:26:13-41
66            android:exported="false"
66-->src\main\AndroidManifest.xml:27:13-37
67            android:parentActivityName="com.rhythm.musicanmanagement.home" />
67-->src\main\AndroidManifest.xml:28:13-47
68        <activity
68-->src\main\AndroidManifest.xml:29:9-32:50
69            android:name="com.rhythm.musicanmanagement.addEvents"
69-->src\main\AndroidManifest.xml:30:13-38
70            android:exported="false"
70-->src\main\AndroidManifest.xml:31:13-37
71            android:parentActivityName="com.rhythm.musicanmanagement.home" />
71-->src\main\AndroidManifest.xml:32:13-47
72        <activity
72-->src\main\AndroidManifest.xml:33:9-41:20
73            android:name="com.rhythm.musicanmanagement.activity_login"
73-->src\main\AndroidManifest.xml:34:13-43
74            android:exported="true" >
74-->src\main\AndroidManifest.xml:35:13-36
75            <intent-filter>
75-->src\main\AndroidManifest.xml:36:13-40:29
76                <action android:name="android.intent.action.MAIN" />
76-->src\main\AndroidManifest.xml:37:17-69
76-->src\main\AndroidManifest.xml:37:25-66
77
78                <category android:name="android.intent.category.LAUNCHER" />
78-->src\main\AndroidManifest.xml:39:17-77
78-->src\main\AndroidManifest.xml:39:27-74
79            </intent-filter>
80        </activity>
81
82        <meta-data
82-->src\main\AndroidManifest.xml:42:9-44:69
83            android:name="com.google.android.gms.ads.APPLICATION_ID"
83-->src\main\AndroidManifest.xml:43:13-69
84            android:value="ca-app-pub-3459566848009785~1994207204" />
84-->src\main\AndroidManifest.xml:44:13-67
85
86        <service
86-->src\main\AndroidManifest.xml:45:9-51:19
87            android:name="com.rhythm.musicanmanagement.MyFirebaseMessagingService"
87-->src\main\AndroidManifest.xml:46:13-55
88            android:exported="true" >
88-->src\main\AndroidManifest.xml:47:13-36
89            <intent-filter>
89-->src\main\AndroidManifest.xml:48:13-50:29
90                <action android:name="com.google.firebase.MESSAGING_EVENT" />
90-->src\main\AndroidManifest.xml:49:17-77
90-->src\main\AndroidManifest.xml:49:25-75
91            </intent-filter>
92        </service>
93
94        <activity
94-->[com.google.firebase:firebase-auth:23.0.0] AndroidManifest.xml:29:9-46:20
95            android:name="com.google.firebase.auth.internal.GenericIdpActivity"
95-->[com.google.firebase:firebase-auth:23.0.0] AndroidManifest.xml:30:13-80
96            android:excludeFromRecents="true"
96-->[com.google.firebase:firebase-auth:23.0.0] AndroidManifest.xml:31:13-46
97            android:exported="true"
97-->[com.google.firebase:firebase-auth:23.0.0] AndroidManifest.xml:32:13-36
98            android:launchMode="singleTask"
98-->[com.google.firebase:firebase-auth:23.0.0] AndroidManifest.xml:33:13-44
99            android:theme="@android:style/Theme.Translucent.NoTitleBar" >
99-->[com.google.firebase:firebase-auth:23.0.0] AndroidManifest.xml:34:13-72
100            <intent-filter>
100-->[com.google.firebase:firebase-auth:23.0.0] AndroidManifest.xml:35:13-45:29
101                <action android:name="android.intent.action.VIEW" />
101-->[com.google.firebase:firebase-auth:23.0.0] AndroidManifest.xml:36:17-69
101-->[com.google.firebase:firebase-auth:23.0.0] AndroidManifest.xml:36:25-66
102
103                <category android:name="android.intent.category.DEFAULT" />
103-->[com.google.firebase:firebase-auth:23.0.0] AndroidManifest.xml:38:17-76
103-->[com.google.firebase:firebase-auth:23.0.0] AndroidManifest.xml:38:27-73
104                <category android:name="android.intent.category.BROWSABLE" />
104-->[com.google.firebase:firebase-auth:23.0.0] AndroidManifest.xml:39:17-78
104-->[com.google.firebase:firebase-auth:23.0.0] AndroidManifest.xml:39:27-75
105
106                <data
106-->[com.google.firebase:firebase-auth:23.0.0] AndroidManifest.xml:41:17-44:51
107                    android:host="firebase.auth"
107-->[com.google.firebase:firebase-auth:23.0.0] AndroidManifest.xml:42:21-49
108                    android:path="/"
108-->[com.google.firebase:firebase-auth:23.0.0] AndroidManifest.xml:43:21-37
109                    android:scheme="genericidp" />
109-->[com.google.firebase:firebase-auth:23.0.0] AndroidManifest.xml:44:21-48
110            </intent-filter>
111        </activity>
112        <activity
112-->[com.google.firebase:firebase-auth:23.0.0] AndroidManifest.xml:47:9-64:20
113            android:name="com.google.firebase.auth.internal.RecaptchaActivity"
113-->[com.google.firebase:firebase-auth:23.0.0] AndroidManifest.xml:48:13-79
114            android:excludeFromRecents="true"
114-->[com.google.firebase:firebase-auth:23.0.0] AndroidManifest.xml:49:13-46
115            android:exported="true"
115-->[com.google.firebase:firebase-auth:23.0.0] AndroidManifest.xml:50:13-36
116            android:launchMode="singleTask"
116-->[com.google.firebase:firebase-auth:23.0.0] AndroidManifest.xml:51:13-44
117            android:theme="@android:style/Theme.Translucent.NoTitleBar" >
117-->[com.google.firebase:firebase-auth:23.0.0] AndroidManifest.xml:52:13-72
118            <intent-filter>
118-->[com.google.firebase:firebase-auth:23.0.0] AndroidManifest.xml:53:13-63:29
119                <action android:name="android.intent.action.VIEW" />
119-->[com.google.firebase:firebase-auth:23.0.0] AndroidManifest.xml:36:17-69
119-->[com.google.firebase:firebase-auth:23.0.0] AndroidManifest.xml:36:25-66
120
121                <category android:name="android.intent.category.DEFAULT" />
121-->[com.google.firebase:firebase-auth:23.0.0] AndroidManifest.xml:38:17-76
121-->[com.google.firebase:firebase-auth:23.0.0] AndroidManifest.xml:38:27-73
122                <category android:name="android.intent.category.BROWSABLE" />
122-->[com.google.firebase:firebase-auth:23.0.0] AndroidManifest.xml:39:17-78
122-->[com.google.firebase:firebase-auth:23.0.0] AndroidManifest.xml:39:27-75
123
124                <data
124-->[com.google.firebase:firebase-auth:23.0.0] AndroidManifest.xml:41:17-44:51
125                    android:host="firebase.auth"
125-->[com.google.firebase:firebase-auth:23.0.0] AndroidManifest.xml:42:21-49
126                    android:path="/"
126-->[com.google.firebase:firebase-auth:23.0.0] AndroidManifest.xml:43:21-37
127                    android:scheme="recaptcha" />
127-->[com.google.firebase:firebase-auth:23.0.0] AndroidManifest.xml:44:21-48
128            </intent-filter>
129        </activity>
130
131        <service
131-->[com.google.firebase:firebase-auth:23.0.0] AndroidManifest.xml:66:9-72:19
132            android:name="com.google.firebase.components.ComponentDiscoveryService"
132-->[com.google.firebase:firebase-auth:23.0.0] AndroidManifest.xml:67:13-84
133            android:directBootAware="true"
133-->[com.google.firebase:firebase-common:21.0.0] AndroidManifest.xml:32:13-43
134            android:exported="false" >
134-->[com.google.firebase:firebase-auth:23.0.0] AndroidManifest.xml:68:13-37
135            <meta-data
135-->[com.google.firebase:firebase-auth:23.0.0] AndroidManifest.xml:69:13-71:85
136                android:name="com.google.firebase.components:com.google.firebase.auth.FirebaseAuthRegistrar"
136-->[com.google.firebase:firebase-auth:23.0.0] AndroidManifest.xml:70:17-109
137                android:value="com.google.firebase.components.ComponentRegistrar" />
137-->[com.google.firebase:firebase-auth:23.0.0] AndroidManifest.xml:71:17-82
138            <meta-data
138-->[com.google.firebase:firebase-messaging:24.0.2] AndroidManifest.xml:57:13-59:85
139                android:name="com.google.firebase.components:com.google.firebase.messaging.FirebaseMessagingKtxRegistrar"
139-->[com.google.firebase:firebase-messaging:24.0.2] AndroidManifest.xml:58:17-122
140                android:value="com.google.firebase.components.ComponentRegistrar" />
140-->[com.google.firebase:firebase-messaging:24.0.2] AndroidManifest.xml:59:17-82
141            <meta-data
141-->[com.google.firebase:firebase-messaging:24.0.2] AndroidManifest.xml:60:13-62:85
142                android:name="com.google.firebase.components:com.google.firebase.messaging.FirebaseMessagingRegistrar"
142-->[com.google.firebase:firebase-messaging:24.0.2] AndroidManifest.xml:61:17-119
143                android:value="com.google.firebase.components.ComponentRegistrar" />
143-->[com.google.firebase:firebase-messaging:24.0.2] AndroidManifest.xml:62:17-82
144            <meta-data
144-->[com.google.firebase:firebase-installations:17.2.0] AndroidManifest.xml:15:13-17:85
145                android:name="com.google.firebase.components:com.google.firebase.installations.FirebaseInstallationsKtxRegistrar"
145-->[com.google.firebase:firebase-installations:17.2.0] AndroidManifest.xml:16:17-130
146                android:value="com.google.firebase.components.ComponentRegistrar" />
146-->[com.google.firebase:firebase-installations:17.2.0] AndroidManifest.xml:17:17-82
147            <meta-data
147-->[com.google.firebase:firebase-installations:17.2.0] AndroidManifest.xml:18:13-20:85
148                android:name="com.google.firebase.components:com.google.firebase.installations.FirebaseInstallationsRegistrar"
148-->[com.google.firebase:firebase-installations:17.2.0] AndroidManifest.xml:19:17-127
149                android:value="com.google.firebase.components.ComponentRegistrar" />
149-->[com.google.firebase:firebase-installations:17.2.0] AndroidManifest.xml:20:17-82
150            <meta-data
150-->[com.google.firebase:firebase-common-ktx:21.0.0] AndroidManifest.xml:12:13-14:85
151                android:name="com.google.firebase.components:com.google.firebase.ktx.FirebaseCommonLegacyRegistrar"
151-->[com.google.firebase:firebase-common-ktx:21.0.0] AndroidManifest.xml:13:17-116
152                android:value="com.google.firebase.components.ComponentRegistrar" />
152-->[com.google.firebase:firebase-common-ktx:21.0.0] AndroidManifest.xml:14:17-82
153            <meta-data
153-->[com.google.firebase:firebase-common:21.0.0] AndroidManifest.xml:35:13-37:85
154                android:name="com.google.firebase.components:com.google.firebase.FirebaseCommonKtxRegistrar"
154-->[com.google.firebase:firebase-common:21.0.0] AndroidManifest.xml:36:17-109
155                android:value="com.google.firebase.components.ComponentRegistrar" />
155-->[com.google.firebase:firebase-common:21.0.0] AndroidManifest.xml:37:17-82
156            <meta-data
156-->[com.google.firebase:firebase-datatransport:18.2.0] AndroidManifest.xml:25:13-27:85
157                android:name="com.google.firebase.components:com.google.firebase.datatransport.TransportRegistrar"
157-->[com.google.firebase:firebase-datatransport:18.2.0] AndroidManifest.xml:26:17-115
158                android:value="com.google.firebase.components.ComponentRegistrar" />
158-->[com.google.firebase:firebase-datatransport:18.2.0] AndroidManifest.xml:27:17-82
159        </service>
160
161        <receiver
161-->[com.google.firebase:firebase-messaging:24.0.2] AndroidManifest.xml:29:9-40:20
162            android:name="com.google.firebase.iid.FirebaseInstanceIdReceiver"
162-->[com.google.firebase:firebase-messaging:24.0.2] AndroidManifest.xml:30:13-78
163            android:exported="true"
163-->[com.google.firebase:firebase-messaging:24.0.2] AndroidManifest.xml:31:13-36
164            android:permission="com.google.android.c2dm.permission.SEND" >
164-->[com.google.firebase:firebase-messaging:24.0.2] AndroidManifest.xml:32:13-73
165            <intent-filter>
165-->[com.google.firebase:firebase-messaging:24.0.2] AndroidManifest.xml:33:13-35:29
166                <action android:name="com.google.android.c2dm.intent.RECEIVE" />
166-->[com.google.firebase:firebase-messaging:24.0.2] AndroidManifest.xml:34:17-81
166-->[com.google.firebase:firebase-messaging:24.0.2] AndroidManifest.xml:34:25-78
167            </intent-filter>
168
169            <meta-data
169-->[com.google.firebase:firebase-messaging:24.0.2] AndroidManifest.xml:37:13-39:40
170                android:name="com.google.android.gms.cloudmessaging.FINISHED_AFTER_HANDLED"
170-->[com.google.firebase:firebase-messaging:24.0.2] AndroidManifest.xml:38:17-92
171                android:value="true" />
171-->[com.google.firebase:firebase-messaging:24.0.2] AndroidManifest.xml:39:17-37
172        </receiver>
173        <!--
174             FirebaseMessagingService performs security checks at runtime,
175             but set to not exported to explicitly avoid allowing another app to call it.
176        -->
177        <service
177-->[com.google.firebase:firebase-messaging:24.0.2] AndroidManifest.xml:46:9-53:19
178            android:name="com.google.firebase.messaging.FirebaseMessagingService"
178-->[com.google.firebase:firebase-messaging:24.0.2] AndroidManifest.xml:47:13-82
179            android:directBootAware="true"
179-->[com.google.firebase:firebase-messaging:24.0.2] AndroidManifest.xml:48:13-43
180            android:exported="false" >
180-->[com.google.firebase:firebase-messaging:24.0.2] AndroidManifest.xml:49:13-37
181            <intent-filter android:priority="-500" >
181-->src\main\AndroidManifest.xml:48:13-50:29
182                <action android:name="com.google.firebase.MESSAGING_EVENT" />
182-->src\main\AndroidManifest.xml:49:17-77
182-->src\main\AndroidManifest.xml:49:25-75
183            </intent-filter>
184        </service>
185        <service
185-->[androidx.credentials:credentials-play-services-auth:1.2.0-rc01] AndroidManifest.xml:24:9-32:19
186            android:name="androidx.credentials.playservices.CredentialProviderMetadataHolder"
186-->[androidx.credentials:credentials-play-services-auth:1.2.0-rc01] AndroidManifest.xml:25:13-94
187            android:enabled="true"
187-->[androidx.credentials:credentials-play-services-auth:1.2.0-rc01] AndroidManifest.xml:26:13-35
188            android:exported="false" >
188-->[androidx.credentials:credentials-play-services-auth:1.2.0-rc01] AndroidManifest.xml:27:13-37
189            <meta-data
189-->[androidx.credentials:credentials-play-services-auth:1.2.0-rc01] AndroidManifest.xml:29:13-31:104
190                android:name="androidx.credentials.CREDENTIAL_PROVIDER_KEY"
190-->[androidx.credentials:credentials-play-services-auth:1.2.0-rc01] AndroidManifest.xml:30:17-76
191                android:value="androidx.credentials.playservices.CredentialProviderPlayServicesImpl" />
191-->[androidx.credentials:credentials-play-services-auth:1.2.0-rc01] AndroidManifest.xml:31:17-101
192        </service>
193
194        <activity
194-->[androidx.credentials:credentials-play-services-auth:1.2.0-rc01] AndroidManifest.xml:34:9-41:20
195            android:name="androidx.credentials.playservices.HiddenActivity"
195-->[androidx.credentials:credentials-play-services-auth:1.2.0-rc01] AndroidManifest.xml:35:13-76
196            android:configChanges="orientation|screenSize|screenLayout|keyboardHidden"
196-->[androidx.credentials:credentials-play-services-auth:1.2.0-rc01] AndroidManifest.xml:36:13-87
197            android:enabled="true"
197-->[androidx.credentials:credentials-play-services-auth:1.2.0-rc01] AndroidManifest.xml:37:13-35
198            android:exported="false"
198-->[androidx.credentials:credentials-play-services-auth:1.2.0-rc01] AndroidManifest.xml:38:13-37
199            android:fitsSystemWindows="true"
199-->[androidx.credentials:credentials-play-services-auth:1.2.0-rc01] AndroidManifest.xml:39:13-45
200            android:theme="@style/Theme.Hidden" >
200-->[androidx.credentials:credentials-play-services-auth:1.2.0-rc01] AndroidManifest.xml:40:13-48
201        </activity>
202        <activity
202-->[com.google.android.gms:play-services-auth:20.7.0] AndroidManifest.xml:23:9-27:75
203            android:name="com.google.android.gms.auth.api.signin.internal.SignInHubActivity"
203-->[com.google.android.gms:play-services-auth:20.7.0] AndroidManifest.xml:24:13-93
204            android:excludeFromRecents="true"
204-->[com.google.android.gms:play-services-auth:20.7.0] AndroidManifest.xml:25:13-46
205            android:exported="false"
205-->[com.google.android.gms:play-services-auth:20.7.0] AndroidManifest.xml:26:13-37
206            android:theme="@android:style/Theme.Translucent.NoTitleBar" />
206-->[com.google.android.gms:play-services-auth:20.7.0] AndroidManifest.xml:27:13-72
207        <!--
208            Service handling Google Sign-In user revocation. For apps that do not integrate with
209            Google Sign-In, this service will never be started.
210        -->
211        <service
211-->[com.google.android.gms:play-services-auth:20.7.0] AndroidManifest.xml:33:9-37:51
212            android:name="com.google.android.gms.auth.api.signin.RevocationBoundService"
212-->[com.google.android.gms:play-services-auth:20.7.0] AndroidManifest.xml:34:13-89
213            android:exported="true"
213-->[com.google.android.gms:play-services-auth:20.7.0] AndroidManifest.xml:35:13-36
214            android:permission="com.google.android.gms.auth.api.signin.permission.REVOCATION_NOTIFICATION"
214-->[com.google.android.gms:play-services-auth:20.7.0] AndroidManifest.xml:36:13-107
215            android:visibleToInstantApps="true" />
215-->[com.google.android.gms:play-services-auth:20.7.0] AndroidManifest.xml:37:13-48
216
217        <provider
217-->[com.google.firebase:firebase-common:21.0.0] AndroidManifest.xml:23:9-28:39
218            android:name="com.google.firebase.provider.FirebaseInitProvider"
218-->[com.google.firebase:firebase-common:21.0.0] AndroidManifest.xml:24:13-77
219            android:authorities="com.rhythm.musicanmanagement.firebaseinitprovider"
219-->[com.google.firebase:firebase-common:21.0.0] AndroidManifest.xml:25:13-72
220            android:directBootAware="true"
220-->[com.google.firebase:firebase-common:21.0.0] AndroidManifest.xml:26:13-43
221            android:exported="false"
221-->[com.google.firebase:firebase-common:21.0.0] AndroidManifest.xml:27:13-37
222            android:initOrder="100" />
222-->[com.google.firebase:firebase-common:21.0.0] AndroidManifest.xml:28:13-36
223
224        <activity
224-->[com.google.android.gms:play-services-base:18.0.1] AndroidManifest.xml:20:9-22:45
225            android:name="com.google.android.gms.common.api.GoogleApiActivity"
225-->[com.google.android.gms:play-services-base:18.0.1] AndroidManifest.xml:20:19-85
226            android:exported="false"
226-->[com.google.android.gms:play-services-base:18.0.1] AndroidManifest.xml:22:19-43
227            android:theme="@android:style/Theme.Translucent.NoTitleBar" />
227-->[com.google.android.gms:play-services-base:18.0.1] AndroidManifest.xml:21:19-78
228
229        <provider
229-->[androidx.emoji2:emoji2:1.3.0] AndroidManifest.xml:24:9-32:20
230            android:name="androidx.startup.InitializationProvider"
230-->[androidx.emoji2:emoji2:1.3.0] AndroidManifest.xml:25:13-67
231            android:authorities="com.rhythm.musicanmanagement.androidx-startup"
231-->[androidx.emoji2:emoji2:1.3.0] AndroidManifest.xml:26:13-68
232            android:exported="false" >
232-->[androidx.emoji2:emoji2:1.3.0] AndroidManifest.xml:27:13-37
233            <meta-data
233-->[androidx.emoji2:emoji2:1.3.0] AndroidManifest.xml:29:13-31:52
234                android:name="androidx.emoji2.text.EmojiCompatInitializer"
234-->[androidx.emoji2:emoji2:1.3.0] AndroidManifest.xml:30:17-75
235                android:value="androidx.startup" />
235-->[androidx.emoji2:emoji2:1.3.0] AndroidManifest.xml:31:17-49
236            <meta-data
236-->[androidx.work:work-runtime:2.7.0] AndroidManifest.xml:36:13-38:52
237                android:name="androidx.work.WorkManagerInitializer"
237-->[androidx.work:work-runtime:2.7.0] AndroidManifest.xml:37:17-68
238                android:value="androidx.startup" />
238-->[androidx.work:work-runtime:2.7.0] AndroidManifest.xml:38:17-49
239            <meta-data
239-->[androidx.lifecycle:lifecycle-process:2.6.2] AndroidManifest.xml:29:13-31:52
240                android:name="androidx.lifecycle.ProcessLifecycleInitializer"
240-->[androidx.lifecycle:lifecycle-process:2.6.2] AndroidManifest.xml:30:17-78
241                android:value="androidx.startup" />
241-->[androidx.lifecycle:lifecycle-process:2.6.2] AndroidManifest.xml:31:17-49
242            <meta-data
242-->[androidx.profileinstaller:profileinstaller:1.3.1] AndroidManifest.xml:29:13-31:52
243                android:name="androidx.profileinstaller.ProfileInstallerInitializer"
243-->[androidx.profileinstaller:profileinstaller:1.3.1] AndroidManifest.xml:30:17-85
244                android:value="androidx.startup" />
244-->[androidx.profileinstaller:profileinstaller:1.3.1] AndroidManifest.xml:31:17-49
245        </provider> <!-- Include the AdActivity and InAppPurchaseActivity configChanges and themes. -->
246        <activity
246-->[com.google.android.gms:play-services-ads-lite:22.2.0] AndroidManifest.xml:53:9-58:43
247            android:name="com.google.android.gms.ads.AdActivity"
247-->[com.google.android.gms:play-services-ads-lite:22.2.0] AndroidManifest.xml:54:13-65
248            android:configChanges="keyboard|keyboardHidden|orientation|screenLayout|uiMode|screenSize|smallestScreenSize"
248-->[com.google.android.gms:play-services-ads-lite:22.2.0] AndroidManifest.xml:55:13-122
249            android:exported="false"
249-->[com.google.android.gms:play-services-ads-lite:22.2.0] AndroidManifest.xml:56:13-37
250            android:theme="@android:style/Theme.Translucent" />
250-->[com.google.android.gms:play-services-ads-lite:22.2.0] AndroidManifest.xml:57:13-61
251
252        <provider
252-->[com.google.android.gms:play-services-ads-lite:22.2.0] AndroidManifest.xml:60:9-65:43
253            android:name="com.google.android.gms.ads.MobileAdsInitProvider"
253-->[com.google.android.gms:play-services-ads-lite:22.2.0] AndroidManifest.xml:61:13-76
254            android:authorities="com.rhythm.musicanmanagement.mobileadsinitprovider"
254-->[com.google.android.gms:play-services-ads-lite:22.2.0] AndroidManifest.xml:62:13-73
255            android:exported="false"
255-->[com.google.android.gms:play-services-ads-lite:22.2.0] AndroidManifest.xml:63:13-37
256            android:initOrder="100" />
256-->[com.google.android.gms:play-services-ads-lite:22.2.0] AndroidManifest.xml:64:13-36
257
258        <service
258-->[com.google.android.gms:play-services-ads-lite:22.2.0] AndroidManifest.xml:67:9-71:43
259            android:name="com.google.android.gms.ads.AdService"
259-->[com.google.android.gms:play-services-ads-lite:22.2.0] AndroidManifest.xml:68:13-64
260            android:enabled="true"
260-->[com.google.android.gms:play-services-ads-lite:22.2.0] AndroidManifest.xml:69:13-35
261            android:exported="false" />
261-->[com.google.android.gms:play-services-ads-lite:22.2.0] AndroidManifest.xml:70:13-37
262
263        <activity
263-->[com.google.android.gms:play-services-ads-lite:22.2.0] AndroidManifest.xml:73:9-77:43
264            android:name="com.google.android.gms.ads.OutOfContextTestingActivity"
264-->[com.google.android.gms:play-services-ads-lite:22.2.0] AndroidManifest.xml:74:13-82
265            android:configChanges="keyboard|keyboardHidden|orientation|screenLayout|uiMode|screenSize|smallestScreenSize"
265-->[com.google.android.gms:play-services-ads-lite:22.2.0] AndroidManifest.xml:75:13-122
266            android:exported="false" />
266-->[com.google.android.gms:play-services-ads-lite:22.2.0] AndroidManifest.xml:76:13-37
267
268        <service
268-->[androidx.work:work-runtime:2.7.0] AndroidManifest.xml:41:9-46:35
269            android:name="androidx.work.impl.background.systemalarm.SystemAlarmService"
269-->[androidx.work:work-runtime:2.7.0] AndroidManifest.xml:42:13-88
270            android:directBootAware="false"